running egg_info
creating build/ros2_term_project/ros2_term_project.egg-info
writing build/ros2_term_project/ros2_term_project.egg-info/PKG-INFO
writing dependency_links to build/ros2_term_project/ros2_term_project.egg-info/dependency_links.txt
writing entry points to build/ros2_term_project/ros2_term_project.egg-info/entry_points.txt
writing requirements to build/ros2_term_project/ros2_term_project.egg-info/requires.txt
writing top-level names to build/ros2_term_project/ros2_term_project.egg-info/top_level.txt
writing manifest file 'build/ros2_term_project/ros2_term_project.egg-info/SOURCES.txt'
reading manifest file 'build/ros2_term_project/ros2_term_project.egg-info/SOURCES.txt'
writing manifest file 'build/ros2_term_project/ros2_term_project.egg-info/SOURCES.txt'
running build
running build_py
creating /home/ros2/Ros2Projects/oom_ws/src/ros2_term_project/build/ros2_term_project/build
creating /home/ros2/Ros2Projects/oom_ws/src/ros2_term_project/build/ros2_term_project/build/lib
creating /home/ros2/Ros2Projects/oom_ws/src/ros2_term_project/build/ros2_term_project/build/lib/ros2_term_project
copying ros2_term_project/obstacle.py -> /home/ros2/Ros2Projects/oom_ws/src/ros2_term_project/build/ros2_term_project/build/lib/ros2_term_project
copying ros2_term_project/stop_line_tracker.py -> /home/ros2/Ros2Projects/oom_ws/src/ros2_term_project/build/ros2_term_project/build/lib/ros2_term_project
copying ros2_term_project/line_follower2.py -> /home/ros2/Ros2Projects/oom_ws/src/ros2_term_project/build/ros2_term_project/build/lib/ros2_term_project
copying ros2_term_project/__init__.py -> /home/ros2/Ros2Projects/oom_ws/src/ros2_term_project/build/ros2_term_project/build/lib/ros2_term_project
copying ros2_term_project/line_tracker.py -> /home/ros2/Ros2Projects/oom_ws/src/ros2_term_project/build/ros2_term_project/build/lib/ros2_term_project
copying ros2_term_project/box_move.py -> /home/ros2/Ros2Projects/oom_ws/src/ros2_term_project/build/ros2_term_project/build/lib/ros2_term_project
copying ros2_term_project/line_follower.py -> /home/ros2/Ros2Projects/oom_ws/src/ros2_term_project/build/ros2_term_project/build/lib/ros2_term_project
copying ros2_term_project/move_box.py -> /home/ros2/Ros2Projects/oom_ws/src/ros2_term_project/build/ros2_term_project/build/lib/ros2_term_project
running install
running install_lib
creating /home/ros2/Ros2Projects/oom_ws/src/ros2_term_project/install/ros2_term_project/lib/python3.8/site-packages/ros2_term_project
copying /home/ros2/Ros2Projects/oom_ws/src/ros2_term_project/build/ros2_term_project/build/lib/ros2_term_project/obstacle.py -> /home/ros2/Ros2Projects/oom_ws/src/ros2_term_project/install/ros2_term_project/lib/python3.8/site-packages/ros2_term_project
copying /home/ros2/Ros2Projects/oom_ws/src/ros2_term_project/build/ros2_term_project/build/lib/ros2_term_project/stop_line_tracker.py -> /home/ros2/Ros2Projects/oom_ws/src/ros2_term_project/install/ros2_term_project/lib/python3.8/site-packages/ros2_term_project
copying /home/ros2/Ros2Projects/oom_ws/src/ros2_term_project/build/ros2_term_project/build/lib/ros2_term_project/line_follower2.py -> /home/ros2/Ros2Projects/oom_ws/src/ros2_term_project/install/ros2_term_project/lib/python3.8/site-packages/ros2_term_project
copying /home/ros2/Ros2Projects/oom_ws/src/ros2_term_project/build/ros2_term_project/build/lib/ros2_term_project/__init__.py -> /home/ros2/Ros2Projects/oom_ws/src/ros2_term_project/install/ros2_term_project/lib/python3.8/site-packages/ros2_term_project
copying /home/ros2/Ros2Projects/oom_ws/src/ros2_term_project/build/ros2_term_project/build/lib/ros2_term_project/line_tracker.py -> /home/ros2/Ros2Projects/oom_ws/src/ros2_term_project/install/ros2_term_project/lib/python3.8/site-packages/ros2_term_project
copying /home/ros2/Ros2Projects/oom_ws/src/ros2_term_project/build/ros2_term_project/build/lib/ros2_term_project/box_move.py -> /home/ros2/Ros2Projects/oom_ws/src/ros2_term_project/install/ros2_term_project/lib/python3.8/site-packages/ros2_term_project
copying /home/ros2/Ros2Projects/oom_ws/src/ros2_term_project/build/ros2_term_project/build/lib/ros2_term_project/line_follower.py -> /home/ros2/Ros2Projects/oom_ws/src/ros2_term_project/install/ros2_term_project/lib/python3.8/site-packages/ros2_term_project
copying /home/ros2/Ros2Projects/oom_ws/src/ros2_term_project/build/ros2_term_project/build/lib/ros2_term_project/move_box.py -> /home/ros2/Ros2Projects/oom_ws/src/ros2_term_project/install/ros2_term_project/lib/python3.8/site-packages/ros2_term_project
byte-compiling /home/ros2/Ros2Projects/oom_ws/src/ros2_term_project/install/ros2_term_project/lib/python3.8/site-packages/ros2_term_project/obstacle.py to obstacle.cpython-38.pyc
byte-compiling /home/ros2/Ros2Projects/oom_ws/src/ros2_term_project/install/ros2_term_project/lib/python3.8/site-packages/ros2_term_project/stop_line_tracker.py to stop_line_tracker.cpython-38.pyc
byte-compiling /home/ros2/Ros2Projects/oom_ws/src/ros2_term_project/install/ros2_term_project/lib/python3.8/site-packages/ros2_term_project/line_follower2.py to line_follower2.cpython-38.pyc
byte-compiling /home/ros2/Ros2Projects/oom_ws/src/ros2_term_project/install/ros2_term_project/lib/python3.8/site-packages/ros2_term_project/__init__.py to __init__.cpython-38.pyc
byte-compiling /home/ros2/Ros2Projects/oom_ws/src/ros2_term_project/install/ros2_term_project/lib/python3.8/site-packages/ros2_term_project/line_tracker.py to line_tracker.cpython-38.pyc
byte-compiling /home/ros2/Ros2Projects/oom_ws/src/ros2_term_project/install/ros2_term_project/lib/python3.8/site-packages/ros2_term_project/box_move.py to box_move.cpython-38.pyc
byte-compiling /home/ros2/Ros2Projects/oom_ws/src/ros2_term_project/install/ros2_term_project/lib/python3.8/site-packages/ros2_term_project/line_follower.py to line_follower.cpython-38.pyc
byte-compiling /home/ros2/Ros2Projects/oom_ws/src/ros2_term_project/install/ros2_term_project/lib/python3.8/site-packages/ros2_term_project/move_box.py to move_box.cpython-38.pyc
running install_data
creating /home/ros2/Ros2Projects/oom_ws/src/ros2_term_project/install/ros2_term_project/share/ament_index
creating /home/ros2/Ros2Projects/oom_ws/src/ros2_term_project/install/ros2_term_project/share/ament_index/resource_index
creating /home/ros2/Ros2Projects/oom_ws/src/ros2_term_project/install/ros2_term_project/share/ament_index/resource_index/packages
copying resource/ros2_term_project -> /home/ros2/Ros2Projects/oom_ws/src/ros2_term_project/install/ros2_term_project/share/ament_index/resource_index/packages
copying package.xml -> /home/ros2/Ros2Projects/oom_ws/src/ros2_term_project/install/ros2_term_project/share/ros2_term_project
creating /home/ros2/Ros2Projects/oom_ws/src/ros2_term_project/install/ros2_term_project/share/ros2_term_project/launch
copying launch/ros2_term_launch.py -> /home/ros2/Ros2Projects/oom_ws/src/ros2_term_project/install/ros2_term_project/share/ros2_term_project/launch
copying launch/car_sim.launch.py -> /home/ros2/Ros2Projects/oom_ws/src/ros2_term_project/install/ros2_term_project/share/ros2_term_project/launch
creating /home/ros2/Ros2Projects/oom_ws/src/ros2_term_project/install/ros2_term_project/share/ros2_term_project/worlds
copying worlds/ros2_car_track.png -> /home/ros2/Ros2Projects/oom_ws/src/ros2_term_project/install/ros2_term_project/share/ros2_term_project/worlds
copying worlds/ros2_car_track_thick_lines.png -> /home/ros2/Ros2Projects/oom_ws/src/ros2_term_project/install/ros2_term_project/share/ros2_term_project/worlds
copying worlds/car_track.world -> /home/ros2/Ros2Projects/oom_ws/src/ros2_term_project/install/ros2_term_project/share/ros2_term_project/worlds
copying worlds/road1.png -> /home/ros2/Ros2Projects/oom_ws/src/ros2_term_project/install/ros2_term_project/share/ros2_term_project/worlds
copying worlds/car_track.world.0 -> /home/ros2/Ros2Projects/oom_ws/src/ros2_term_project/install/ros2_term_project/share/ros2_term_project/worlds
copying worlds/road.png -> /home/ros2/Ros2Projects/oom_ws/src/ros2_term_project/install/ros2_term_project/share/ros2_term_project/worlds
copying worlds/car_track.world.1 -> /home/ros2/Ros2Projects/oom_ws/src/ros2_term_project/install/ros2_term_project/share/ros2_term_project/worlds
copying worlds/gazebo_ros_map_demo_1.world -> /home/ros2/Ros2Projects/oom_ws/src/ros2_term_project/install/ros2_term_project/share/ros2_term_project/worlds
copying worlds/walke.dae -> /home/ros2/Ros2Projects/oom_ws/src/ros2_term_project/install/ros2_term_project/share/ros2_term_project/worlds
copying worlds/road.material -> /home/ros2/Ros2Projects/oom_ws/src/ros2_term_project/install/ros2_term_project/share/ros2_term_project/worlds
copying worlds/car_track.world.2 -> /home/ros2/Ros2Projects/oom_ws/src/ros2_term_project/install/ros2_term_project/share/ros2_term_project/worlds
copying worlds/course.material -> /home/ros2/Ros2Projects/oom_ws/src/ros2_term_project/install/ros2_term_project/share/ros2_term_project/worlds
copying worlds/road1.material -> /home/ros2/Ros2Projects/oom_ws/src/ros2_term_project/install/ros2_term_project/share/ros2_term_project/worlds
copying worlds/gazebo_ros_map_demo.world -> /home/ros2/Ros2Projects/oom_ws/src/ros2_term_project/install/ros2_term_project/share/ros2_term_project/worlds
running install_egg_info
Copying build/ros2_term_project/ros2_term_project.egg-info to /home/ros2/Ros2Projects/oom_ws/src/ros2_term_project/install/ros2_term_project/lib/python3.8/site-packages/ros2_term_project-0.0.0-py3.8.egg-info
running install_scripts
Installing follower script to /home/ros2/Ros2Projects/oom_ws/src/ros2_term_project/install/ros2_term_project/lib/ros2_term_project
Installing follower2 script to /home/ros2/Ros2Projects/oom_ws/src/ros2_term_project/install/ros2_term_project/lib/ros2_term_project
Installing move script to /home/ros2/Ros2Projects/oom_ws/src/ros2_term_project/install/ros2_term_project/lib/ros2_term_project
writing list of installed files to '/home/ros2/Ros2Projects/oom_ws/src/ros2_term_project/build/ros2_term_project/install.log'
