[0.717s] Invoking command in '/home/ros2/Ros2Projects/oom_ws/src/ros2_term_project': PYTHONPATH=/home/ros2/Ros2Projects/oom_ws/src/ros2_term_project/build/ros2_term_project/prefix_override:/home/ros2/Ros2Projects/oom_ws/src/ros2_term_project/install/ros2_term_project/lib/python3.8/site-packages:${PYTHONPATH} /usr/bin/python3 setup.py egg_info --egg-base build/ros2_term_project build --build-base /home/ros2/Ros2Projects/oom_ws/src/ros2_term_project/build/ros2_term_project/build install --record /home/ros2/Ros2Projects/oom_ws/src/ros2_term_project/build/ros2_term_project/install.log --install-scripts $base/lib/ros2_term_project --single-version-externally-managed
[0.947s] running egg_info
[0.948s] creating build/ros2_term_project/ros2_term_project.egg-info
[0.948s] writing build/ros2_term_project/ros2_term_project.egg-info/PKG-INFO
[0.948s] writing dependency_links to build/ros2_term_project/ros2_term_project.egg-info/dependency_links.txt
[0.949s] writing entry points to build/ros2_term_project/ros2_term_project.egg-info/entry_points.txt
[0.949s] writing requirements to build/ros2_term_project/ros2_term_project.egg-info/requires.txt
[0.949s] writing top-level names to build/ros2_term_project/ros2_term_project.egg-info/top_level.txt
[0.950s] writing manifest file 'build/ros2_term_project/ros2_term_project.egg-info/SOURCES.txt'
[0.987s] reading manifest file 'build/ros2_term_project/ros2_term_project.egg-info/SOURCES.txt'
[0.988s] writing manifest file 'build/ros2_term_project/ros2_term_project.egg-info/SOURCES.txt'
[0.989s] running build
[0.989s] running build_py
[0.989s] creating /home/ros2/Ros2Projects/oom_ws/src/ros2_term_project/build/ros2_term_project/build
[0.989s] creating /home/ros2/Ros2Projects/oom_ws/src/ros2_term_project/build/ros2_term_project/build/lib
[0.989s] creating /home/ros2/Ros2Projects/oom_ws/src/ros2_term_project/build/ros2_term_project/build/lib/ros2_term_project
[0.989s] copying ros2_term_project/obstacle.py -> /home/ros2/Ros2Projects/oom_ws/src/ros2_term_project/build/ros2_term_project/build/lib/ros2_term_project
[0.990s] copying ros2_term_project/stop_line_tracker.py -> /home/ros2/Ros2Projects/oom_ws/src/ros2_term_project/build/ros2_term_project/build/lib/ros2_term_project
[0.991s] copying ros2_term_project/line_follower2.py -> /home/ros2/Ros2Projects/oom_ws/src/ros2_term_project/build/ros2_term_project/build/lib/ros2_term_project
[0.991s] copying ros2_term_project/__init__.py -> /home/ros2/Ros2Projects/oom_ws/src/ros2_term_project/build/ros2_term_project/build/lib/ros2_term_project
[0.991s] copying ros2_term_project/line_tracker.py -> /home/ros2/Ros2Projects/oom_ws/src/ros2_term_project/build/ros2_term_project/build/lib/ros2_term_project
[0.991s] copying ros2_term_project/box_move.py -> /home/ros2/Ros2Projects/oom_ws/src/ros2_term_project/build/ros2_term_project/build/lib/ros2_term_project
[0.991s] copying ros2_term_project/line_follower.py -> /home/ros2/Ros2Projects/oom_ws/src/ros2_term_project/build/ros2_term_project/build/lib/ros2_term_project
[0.992s] copying ros2_term_project/move_box.py -> /home/ros2/Ros2Projects/oom_ws/src/ros2_term_project/build/ros2_term_project/build/lib/ros2_term_project
[0.992s] running install
[0.993s] running install_lib
[0.994s] creating /home/ros2/Ros2Projects/oom_ws/src/ros2_term_project/install/ros2_term_project/lib/python3.8/site-packages/ros2_term_project
[0.994s] copying /home/ros2/Ros2Projects/oom_ws/src/ros2_term_project/build/ros2_term_project/build/lib/ros2_term_project/obstacle.py -> /home/ros2/Ros2Projects/oom_ws/src/ros2_term_project/install/ros2_term_project/lib/python3.8/site-packages/ros2_term_project
[0.995s] copying /home/ros2/Ros2Projects/oom_ws/src/ros2_term_project/build/ros2_term_project/build/lib/ros2_term_project/stop_line_tracker.py -> /home/ros2/Ros2Projects/oom_ws/src/ros2_term_project/install/ros2_term_project/lib/python3.8/site-packages/ros2_term_project
[0.995s] copying /home/ros2/Ros2Projects/oom_ws/src/ros2_term_project/build/ros2_term_project/build/lib/ros2_term_project/line_follower2.py -> /home/ros2/Ros2Projects/oom_ws/src/ros2_term_project/install/ros2_term_project/lib/python3.8/site-packages/ros2_term_project
[0.995s] copying /home/ros2/Ros2Projects/oom_ws/src/ros2_term_project/build/ros2_term_project/build/lib/ros2_term_project/__init__.py -> /home/ros2/Ros2Projects/oom_ws/src/ros2_term_project/install/ros2_term_project/lib/python3.8/site-packages/ros2_term_project
[0.996s] copying /home/ros2/Ros2Projects/oom_ws/src/ros2_term_project/build/ros2_term_project/build/lib/ros2_term_project/line_tracker.py -> /home/ros2/Ros2Projects/oom_ws/src/ros2_term_project/install/ros2_term_project/lib/python3.8/site-packages/ros2_term_project
[0.996s] copying /home/ros2/Ros2Projects/oom_ws/src/ros2_term_project/build/ros2_term_project/build/lib/ros2_term_project/box_move.py -> /home/ros2/Ros2Projects/oom_ws/src/ros2_term_project/install/ros2_term_project/lib/python3.8/site-packages/ros2_term_project
[0.996s] copying /home/ros2/Ros2Projects/oom_ws/src/ros2_term_project/build/ros2_term_project/build/lib/ros2_term_project/line_follower.py -> /home/ros2/Ros2Projects/oom_ws/src/ros2_term_project/install/ros2_term_project/lib/python3.8/site-packages/ros2_term_project
[0.996s] copying /home/ros2/Ros2Projects/oom_ws/src/ros2_term_project/build/ros2_term_project/build/lib/ros2_term_project/move_box.py -> /home/ros2/Ros2Projects/oom_ws/src/ros2_term_project/install/ros2_term_project/lib/python3.8/site-packages/ros2_term_project
[0.996s] byte-compiling /home/ros2/Ros2Projects/oom_ws/src/ros2_term_project/install/ros2_term_project/lib/python3.8/site-packages/ros2_term_project/obstacle.py to obstacle.cpython-38.pyc
[0.998s] byte-compiling /home/ros2/Ros2Projects/oom_ws/src/ros2_term_project/install/ros2_term_project/lib/python3.8/site-packages/ros2_term_project/stop_line_tracker.py to stop_line_tracker.cpython-38.pyc
[0.999s] byte-compiling /home/ros2/Ros2Projects/oom_ws/src/ros2_term_project/install/ros2_term_project/lib/python3.8/site-packages/ros2_term_project/line_follower2.py to line_follower2.cpython-38.pyc
[1.000s] byte-compiling /home/ros2/Ros2Projects/oom_ws/src/ros2_term_project/install/ros2_term_project/lib/python3.8/site-packages/ros2_term_project/__init__.py to __init__.cpython-38.pyc
[1.000s] byte-compiling /home/ros2/Ros2Projects/oom_ws/src/ros2_term_project/install/ros2_term_project/lib/python3.8/site-packages/ros2_term_project/line_tracker.py to line_tracker.cpython-38.pyc
[1.001s] byte-compiling /home/ros2/Ros2Projects/oom_ws/src/ros2_term_project/install/ros2_term_project/lib/python3.8/site-packages/ros2_term_project/box_move.py to box_move.cpython-38.pyc
[1.001s] byte-compiling /home/ros2/Ros2Projects/oom_ws/src/ros2_term_project/install/ros2_term_project/lib/python3.8/site-packages/ros2_term_project/line_follower.py to line_follower.cpython-38.pyc
[1.002s] byte-compiling /home/ros2/Ros2Projects/oom_ws/src/ros2_term_project/install/ros2_term_project/lib/python3.8/site-packages/ros2_term_project/move_box.py to move_box.cpython-38.pyc
[1.003s] running install_data
[1.003s] creating /home/ros2/Ros2Projects/oom_ws/src/ros2_term_project/install/ros2_term_project/share/ament_index
[1.004s] creating /home/ros2/Ros2Projects/oom_ws/src/ros2_term_project/install/ros2_term_project/share/ament_index/resource_index
[1.004s] creating /home/ros2/Ros2Projects/oom_ws/src/ros2_term_project/install/ros2_term_project/share/ament_index/resource_index/packages
[1.004s] copying resource/ros2_term_project -> /home/ros2/Ros2Projects/oom_ws/src/ros2_term_project/install/ros2_term_project/share/ament_index/resource_index/packages
[1.005s] copying package.xml -> /home/ros2/Ros2Projects/oom_ws/src/ros2_term_project/install/ros2_term_project/share/ros2_term_project
[1.005s] creating /home/ros2/Ros2Projects/oom_ws/src/ros2_term_project/install/ros2_term_project/share/ros2_term_project/launch
[1.005s] copying launch/ros2_term_launch.py -> /home/ros2/Ros2Projects/oom_ws/src/ros2_term_project/install/ros2_term_project/share/ros2_term_project/launch
[1.005s] copying launch/car_sim.launch.py -> /home/ros2/Ros2Projects/oom_ws/src/ros2_term_project/install/ros2_term_project/share/ros2_term_project/launch
[1.005s] creating /home/ros2/Ros2Projects/oom_ws/src/ros2_term_project/install/ros2_term_project/share/ros2_term_project/worlds
[1.005s] copying worlds/ros2_car_track.png -> /home/ros2/Ros2Projects/oom_ws/src/ros2_term_project/install/ros2_term_project/share/ros2_term_project/worlds
[1.014s] copying worlds/ros2_car_track_thick_lines.png -> /home/ros2/Ros2Projects/oom_ws/src/ros2_term_project/install/ros2_term_project/share/ros2_term_project/worlds
[1.017s] copying worlds/car_track.world -> /home/ros2/Ros2Projects/oom_ws/src/ros2_term_project/install/ros2_term_project/share/ros2_term_project/worlds
[1.017s] copying worlds/road1.png -> /home/ros2/Ros2Projects/oom_ws/src/ros2_term_project/install/ros2_term_project/share/ros2_term_project/worlds
[1.026s] copying worlds/car_track.world.0 -> /home/ros2/Ros2Projects/oom_ws/src/ros2_term_project/install/ros2_term_project/share/ros2_term_project/worlds
[1.026s] copying worlds/road.png -> /home/ros2/Ros2Projects/oom_ws/src/ros2_term_project/install/ros2_term_project/share/ros2_term_project/worlds
[1.027s] copying worlds/car_track.world.1 -> /home/ros2/Ros2Projects/oom_ws/src/ros2_term_project/install/ros2_term_project/share/ros2_term_project/worlds
[1.028s] copying worlds/gazebo_ros_map_demo_1.world -> /home/ros2/Ros2Projects/oom_ws/src/ros2_term_project/install/ros2_term_project/share/ros2_term_project/worlds
[1.037s] copying worlds/walke.dae -> /home/ros2/Ros2Projects/oom_ws/src/ros2_term_project/install/ros2_term_project/share/ros2_term_project/worlds
[1.067s] copying worlds/road.material -> /home/ros2/Ros2Projects/oom_ws/src/ros2_term_project/install/ros2_term_project/share/ros2_term_project/worlds
[1.067s] copying worlds/car_track.world.2 -> /home/ros2/Ros2Projects/oom_ws/src/ros2_term_project/install/ros2_term_project/share/ros2_term_project/worlds
[1.067s] copying worlds/course.material -> /home/ros2/Ros2Projects/oom_ws/src/ros2_term_project/install/ros2_term_project/share/ros2_term_project/worlds
[1.068s] copying worlds/road1.material -> /home/ros2/Ros2Projects/oom_ws/src/ros2_term_project/install/ros2_term_project/share/ros2_term_project/worlds
[1.068s] copying worlds/gazebo_ros_map_demo.world -> /home/ros2/Ros2Projects/oom_ws/src/ros2_term_project/install/ros2_term_project/share/ros2_term_project/worlds
[1.068s] running install_egg_info
[1.072s] Copying build/ros2_term_project/ros2_term_project.egg-info to /home/ros2/Ros2Projects/oom_ws/src/ros2_term_project/install/ros2_term_project/lib/python3.8/site-packages/ros2_term_project-0.0.0-py3.8.egg-info
[1.074s] running install_scripts
[1.101s] Installing follower script to /home/ros2/Ros2Projects/oom_ws/src/ros2_term_project/install/ros2_term_project/lib/ros2_term_project
[1.101s] Installing follower2 script to /home/ros2/Ros2Projects/oom_ws/src/ros2_term_project/install/ros2_term_project/lib/ros2_term_project
[1.102s] Installing move script to /home/ros2/Ros2Projects/oom_ws/src/ros2_term_project/install/ros2_term_project/lib/ros2_term_project
[1.102s] writing list of installed files to '/home/ros2/Ros2Projects/oom_ws/src/ros2_term_project/build/ros2_term_project/install.log'
[1.123s] Invoked command in '/home/ros2/Ros2Projects/oom_ws/src/ros2_term_project' returned '0': PYTHONPATH=/home/ros2/Ros2Projects/oom_ws/src/ros2_term_project/build/ros2_term_project/prefix_override:/home/ros2/Ros2Projects/oom_ws/src/ros2_term_project/install/ros2_term_project/lib/python3.8/site-packages:${PYTHONPATH} /usr/bin/python3 setup.py egg_info --egg-base build/ros2_term_project build --build-base /home/ros2/Ros2Projects/oom_ws/src/ros2_term_project/build/ros2_term_project/build install --record /home/ros2/Ros2Projects/oom_ws/src/ros2_term_project/build/ros2_term_project/install.log --install-scripts $base/lib/ros2_term_project --single-version-externally-managed
